<?xml version="1.0" encoding="UTF-8"?>
<!-- Generated by org.testng.reporters.JUnitXMLReporter -->
<testsuite hostname="DESKTOP-UUTUU8G" ignored="0" name="Test" tests="4" failures="0" timestamp="20 Jun 2019 07:28:02 GMT" time="122.223" errors="0">
  <testcase name="basepageNavigation" time="32.849" classname="Academy.aValidateNavigatioonbar"/>
  <testcase name="basepageNavigation" time="8.386" classname="Academy.ValidateTitle"/>
  <testcase name="basepageNavigation" time="41.97" classname="Academy.Home"/>
  <testcase name="basepageNavigation" time="12.061" classname="Academy.Home"/>
</testsuite> <!-- Test -->
