<?xml version="1.0" encoding="UTF-8"?>
<!-- Generated by org.testng.reporters.JUnitXMLReporter -->
<testsuite hostname="DESKTOP-UUTUU8G" ignored="0" name="Test" tests="4" failures="0" timestamp="19 Jun 2019 11:09:15 GMT" time="99.973" errors="0">
  <testcase name="basepageNavigation" time="9.969" classname="Academy.aValidateNavigatioonbar"/>
  <testcase name="basepageNavigation" time="7.751" classname="Academy.ValidateTitle"/>
  <testcase name="basepageNavigation" time="43.721" classname="Academy.Home"/>
  <testcase name="basepageNavigation" time="22.144" classname="Academy.Home"/>
</testsuite> <!-- Test -->
