<?xml version="1.0" encoding="UTF-8"?>
<!-- Generated by org.testng.reporters.JUnitXMLReporter -->
<testsuite hostname="DESKTOP-UUTUU8G" ignored="0" name="Test" tests="4" failures="0" timestamp="19 Jun 2019 08:57:07 GMT" time="116.583" errors="0">
  <testcase name="@AfterTest teardown" time="0.001" classname="Academy.ValidateNavigatioonbar">
    <failure type="java.lang.NullPointerException">
      <![CDATA[java.lang.NullPointerException
at Academy.ValidateNavigatioonbar.teardown(ValidateNavigatioonbar.java:40)
... Removed 28 stack frames]]>
    </failure>
  </testcase> <!-- @AfterTest teardown -->
  <testcase name="@AfterTest teardown" time="0.0" classname="Academy.ValidateTitle">
    <skipped/>
  </testcase> <!-- @AfterTest teardown -->
  <testcase name="basepageNavigation" time="69.468" classname="Academy.Home"/>
  <testcase name="basepageNavigation" time="10.853" classname="Academy.Home"/>
  <testcase name="basepageNavigation" time="2.282" classname="Academy.ValidateNavigatioonbar"/>
  <testcase name="basepageNavigation" time="1.334" classname="Academy.ValidateTitle"/>
</testsuite> <!-- Test -->
