-------------------------------------------------------------------------------
Test set: TestSuite
-------------------------------------------------------------------------------
Tests run: 6, Failures: 1, Errors: 0, Skipped: 1, Time elapsed: 118.445 s <<< FAILURE! - in TestSuite
teardown(Academy.Home)  Time elapsed: 1.761 s  <<< FAILURE!
java.lang.NullPointerException

