<?xml version="1.0" encoding="UTF-8"?>
<testng-results skipped="0" failed="0" ignored="0" total="4" passed="4">
  <reporter-output>
  </reporter-output>
  <suite name="Suite" duration-ms="116583" started-at="2019-06-19T08:55:10Z" finished-at="2019-06-19T08:57:06Z">
    <groups>
    </groups>
    <test name="Test" duration-ms="116583" started-at="2019-06-19T08:55:10Z" finished-at="2019-06-19T08:57:06Z">
      <class name="Academy.ValidateTitle">
        <test-method status="PASS" signature="basepageNavigation()[pri:0, instance:Academy.ValidateTitle@3d3fcdb0]" name="basepageNavigation" duration-ms="1334" started-at="2019-06-19T08:57:05Z" finished-at="2019-06-19T08:57:06Z">
          <reporter-output>
          </reporter-output>
        </test-method> <!-- basepageNavigation -->
      </class> <!-- Academy.ValidateTitle -->
      <class name="Academy.ValidateNavigatioonbar">
        <test-method status="PASS" signature="basepageNavigation()[pri:0, instance:Academy.ValidateNavigatioonbar@6b0c2d26]" name="basepageNavigation" duration-ms="2282" started-at="2019-06-19T08:57:02Z" finished-at="2019-06-19T08:57:05Z">
          <reporter-output>
          </reporter-output>
        </test-method> <!-- basepageNavigation -->
      </class> <!-- Academy.ValidateNavigatioonbar -->
      <class name="Academy.Home">
        <test-method status="PASS" signature="initialize()[pri:0, instance:Academy.Home@1c72da34]" name="initialize" is-config="true" duration-ms="5214" started-at="2019-06-19T08:55:10Z" finished-at="2019-06-19T08:55:15Z">
          <reporter-output>
          </reporter-output>
        </test-method> <!-- initialize -->
        <test-method status="PASS" signature="beforetest()[pri:0, instance:Academy.ValidateNavigatioonbar@6b0c2d26]" name="beforetest" is-config="true" duration-ms="4903" started-at="2019-06-19T08:55:15Z" finished-at="2019-06-19T08:55:20Z">
          <reporter-output>
          </reporter-output>
        </test-method> <!-- beforetest -->
        <test-method status="PASS" signature="beforetest()[pri:0, instance:Academy.ValidateTitle@3d3fcdb0]" name="beforetest" is-config="true" duration-ms="20179" started-at="2019-06-19T08:55:20Z" finished-at="2019-06-19T08:55:40Z">
          <reporter-output>
          </reporter-output>
        </test-method> <!-- beforetest -->
        <test-method status="PASS" signature="basepageNavigation(java.lang.String, java.lang.String, java.lang.String)[pri:0, instance:Academy.Home@1c72da34]" name="basepageNavigation" duration-ms="69468" started-at="2019-06-19T08:55:42Z" data-provider="getData" finished-at="2019-06-19T08:56:52Z">
          <params>
            <param index="0">
              <value>
                <![CDATA[mounisha2893@gmail.com]]>
              </value>
            </param>
            <param index="1">
              <value>
                <![CDATA[test2128]]>
              </value>
            </param>
            <param index="2">
              <value>
                <![CDATA[Non restricetduser]]>
              </value>
            </param>
          </params>
          <reporter-output>
          </reporter-output>
        </test-method> <!-- basepageNavigation -->
        <test-method status="PASS" signature="basepageNavigation(java.lang.String, java.lang.String, java.lang.String)[pri:0, instance:Academy.Home@1c72da34]" name="basepageNavigation" duration-ms="10853" started-at="2019-06-19T08:56:52Z" data-provider="getData" finished-at="2019-06-19T08:57:02Z">
          <params>
            <param index="0">
              <value>
                <![CDATA[jeelamounisha2893@gmail.com]]>
              </value>
            </param>
            <param index="1">
              <value>
                <![CDATA[test2128@]]>
              </value>
            </param>
            <param index="2">
              <value>
                <![CDATA[Restricted user]]>
              </value>
            </param>
          </params>
          <reporter-output>
          </reporter-output>
        </test-method> <!-- basepageNavigation -->
        <test-method status="PASS" signature="teardown()[pri:0, instance:Academy.Home@1c72da34]" name="teardown" is-config="true" duration-ms="388" started-at="2019-06-19T08:57:06Z" finished-at="2019-06-19T08:57:06Z">
          <reporter-output>
          </reporter-output>
        </test-method> <!-- teardown -->
        <test-method status="FAIL" signature="teardown()[pri:0, instance:Academy.ValidateNavigatioonbar@6b0c2d26]" name="teardown" is-config="true" duration-ms="1" started-at="2019-06-19T08:57:06Z" finished-at="2019-06-19T08:57:06Z">
          <exception class="java.lang.NullPointerException">
            <full-stacktrace>
              <![CDATA[java.lang.NullPointerException
at Academy.ValidateNavigatioonbar.teardown(ValidateNavigatioonbar.java:40)
at sun.reflect.NativeMethodAccessorImpl.invoke0(Native Method)
at sun.reflect.NativeMethodAccessorImpl.invoke(NativeMethodAccessorImpl.java:62)
at sun.reflect.DelegatingMethodAccessorImpl.invoke(DelegatingMethodAccessorImpl.java:43)
at java.lang.reflect.Method.invoke(Method.java:498)
at org.testng.internal.MethodInvocationHelper.invokeMethod(MethodInvocationHelper.java:124)
at org.testng.internal.MethodInvocationHelper.invokeMethodConsideringTimeout(MethodInvocationHelper.java:59)
at org.testng.internal.Invoker.invokeConfigurationMethod(Invoker.java:458)
at org.testng.internal.Invoker.invokeConfigurations(Invoker.java:222)
at org.testng.internal.Invoker.invokeConfigurations(Invoker.java:142)
at org.testng.TestRunner.afterRun(TestRunner.java:725)
at org.testng.TestRunner.run(TestRunner.java:509)
at org.testng.SuiteRunner.runTest(SuiteRunner.java:455)
at org.testng.SuiteRunner.runSequentially(SuiteRunner.java:450)
at org.testng.SuiteRunner.privateRun(SuiteRunner.java:415)
at org.testng.SuiteRunner.run(SuiteRunner.java:364)
at org.testng.SuiteRunnerWorker.runSuite(SuiteRunnerWorker.java:52)
at org.testng.SuiteRunnerWorker.run(SuiteRunnerWorker.java:84)
at org.testng.TestNG.runSuitesSequentially(TestNG.java:1208)
at org.testng.TestNG.runSuitesLocally(TestNG.java:1137)
at org.testng.TestNG.runSuites(TestNG.java:1049)
at org.testng.TestNG.run(TestNG.java:1017)
at org.apache.maven.surefire.testng.TestNGExecutor.run(TestNGExecutor.java:283)
at org.apache.maven.surefire.testng.TestNGXmlTestSuite.execute(TestNGXmlTestSuite.java:75)
at org.apache.maven.surefire.testng.TestNGProvider.invoke(TestNGProvider.java:120)
at org.apache.maven.surefire.booter.ForkedBooter.invokeProviderInSameClassLoader(ForkedBooter.java:384)
at org.apache.maven.surefire.booter.ForkedBooter.runSuitesInProcess(ForkedBooter.java:345)
at org.apache.maven.surefire.booter.ForkedBooter.execute(ForkedBooter.java:126)
at org.apache.maven.surefire.booter.ForkedBooter.main(ForkedBooter.java:418)
]]>
            </full-stacktrace>
          </exception> <!-- java.lang.NullPointerException -->
          <reporter-output>
          </reporter-output>
        </test-method> <!-- teardown -->
        <test-method status="SKIP" signature="teardown()[pri:0, instance:Academy.ValidateTitle@3d3fcdb0]" name="teardown" is-config="true" duration-ms="0" started-at="2019-06-19T08:57:06Z" finished-at="2019-06-19T08:57:06Z">
          <reporter-output>
          </reporter-output>
        </test-method> <!-- teardown -->
      </class> <!-- Academy.Home -->
    </test> <!-- Test -->
  </suite> <!-- Suite -->
</testng-results>
