<?xml version="1.0" encoding="UTF-8"?>
<testng-results skipped="0" failed="0" ignored="0" total="1" passed="1">
  <reporter-output>
  </reporter-output>
  <suite name="Default suite" duration-ms="116403" started-at="2019-06-17T12:41:27Z" finished-at="2019-06-17T12:43:23Z">
    <groups>
    </groups>
    <test name="Default test" duration-ms="116403" started-at="2019-06-17T12:41:27Z" finished-at="2019-06-17T12:43:23Z">
      <class name="Academy.Home">
        <test-method status="PASS" signature="basepageNavigation()[pri:0, instance:Academy.Home@4c70fda8]" name="basepageNavigation" duration-ms="116228" started-at="2019-06-17T12:41:27Z" finished-at="2019-06-17T12:43:23Z">
          <reporter-output>
          </reporter-output>
        </test-method> <!-- basepageNavigation -->
      </class> <!-- Academy.Home -->
    </test> <!-- Default test -->
  </suite> <!-- Default suite -->
</testng-results>
